# JRE version: OpenJDK Runtime Environment Microsoft-8035246 (17.0.8+7) (build 17.0.8+7-LTS)
# Java VM: OpenJDK 64-Bit Server VM Microsoft-8035246 (17.0.8+7-LTS, mixed mode, sharing, tiered, compressed oops, compressed class ptrs, g1 gc, windows-amd64)
GC Precious Log:
 CPUs: 8 total, 8 available
 Memory: 8071M
 Large Page Support: Disabled
 NUMA Support: Disabled
 Compressed Oops: Enabled (32-bit)
 Heap Region Size: 1M
 Heap Min Capacity: 8M
 Heap Initial Capacity: 128M
 Heap Max Capacity: 2G
 Pre-touch: Disabled
 Parallel Workers: 8
 Concurrent Workers: 2
 Concurrent Refinement Workers: 8
 Periodic GC: Disabled
Heap:
 garbage-first heap   total 480256K, used 173970K [0x0000000080000000, 0x0000000100000000)
  region size 1024K, 49 young (50176K), 4 survivors (4096K)
 Metaspace       used 97381K, committed 98240K, reserved 557056K
  class space    used 13469K, committed 13888K, reserved 425984K
GC Heap History (20 events):
Event: 29.668 GC heap before
{Heap before GC invocations=48 (full 0):
 garbage-first heap   total 220160K, used 176257K [0x0000000080000000, 0x0000000100000000)
  region size 1024K, 83 young (84992K), 1 survivors (1024K)
 Metaspace       used 86979K, committed 87744K, reserved 557056K
  class space    used 12290K, committed 12672K, reserved 425984K
}
Event: 29.677 GC heap after
{Heap after GC invocations=49 (full 0):
 garbage-first heap   total 220160K, used 96499K [0x0000000080000000, 0x0000000100000000)
  region size 1024K, 5 young (5120K), 5 survivors (5120K)
 Metaspace       used 86979K, committed 87744K, reserved 557056K
  class space    used 12290K, committed 12672K, reserved 425984K
}
Event: 31.392 GC heap before
{Heap before GC invocations=49 (full 0):
 garbage-first heap   total 220160K, used 178419K [0x0000000080000000, 0x0000000100000000)
  region size 1024K, 85 young (87040K), 5 survivors (5120K)
 Metaspace       used 92271K, committed 93120K, reserved 557056K
  class space    used 12975K, committed 13376K, reserved 425984K
}
Event: 31.404 GC heap after
{Heap after GC invocations=50 (full 0):
 garbage-first heap   total 220160K, used 102947K [0x0000000080000000, 0x0000000100000000)
  region size 1024K, 11 young (11264K), 11 survivors (11264K)
 Metaspace       used 92271K, committed 93120K, reserved 557056K
  class space    used 12975K, committed 13376K, reserved 425984K
}
Event: 33.096 GC heap before
{Heap before GC invocations=50 (full 0):
 garbage-first heap   total 220160K, used 177699K [0x0000000080000000, 0x0000000100000000)
  region size 1024K, 85 young (87040K), 11 survivors (11264K)
 Metaspace       used 93280K, committed 94080K, reserved 557056K
  class space    used 13082K, committed 13504K, reserved 425984K
}
Event: 33.115 GC heap after
{Heap after GC invocations=51 (full 0):
 garbage-first heap   total 220160K, used 109592K [0x0000000080000000, 0x0000000100000000)
  region size 1024K, 7 young (7168K), 7 survivors (7168K)
 Metaspace       used 93280K, committed 94080K, reserved 557056K
  class space    used 13082K, committed 13504K, reserved 425984K
}
Event: 33.892 GC heap before
{Heap before GC invocations=51 (full 0):
 garbage-first heap   total 220160K, used 160792K [0x0000000080000000, 0x0000000100000000)
  region size 1024K, 58 young (59392K), 7 survivors (7168K)
 Metaspace       used 93320K, committed 94144K, reserved 557056K
  class space    used 13082K, committed 13504K, reserved 425984K
}
Event: 33.899 GC heap after
{Heap after GC invocations=52 (full 0):
 garbage-first heap   total 220160K, used 112788K [0x0000000080000000, 0x0000000100000000)
  region size 1024K, 4 young (4096K), 4 survivors (4096K)
 Metaspace       used 93320K, committed 94144K, reserved 557056K
  class space    used 13082K, committed 13504K, reserved 425984K
}
Event: 34.735 GC heap before
{Heap before GC invocations=53 (full 0):
 garbage-first heap   total 220160K, used 200852K [0x0000000080000000, 0x0000000100000000)
  region size 1024K, 71 young (72704K), 4 survivors (4096K)
 Metaspace       used 93638K, committed 94464K, reserved 557056K
  class space    used 13099K, committed 13504K, reserved 425984K
}
Event: 34.748 GC heap after
{Heap after GC invocations=54 (full 0):
 garbage-first heap   total 220160K, used 118527K [0x0000000080000000, 0x0000000100000000)
  region size 1024K, 9 young (9216K), 9 survivors (9216K)
 Metaspace       used 93638K, committed 94464K, reserved 557056K
  class space    used 13099K, committed 13504K, reserved 425984K
}
Event: 34.771 GC heap before
{Heap before GC invocations=54 (full 0):
 garbage-first heap   total 220160K, used 118527K [0x0000000080000000, 0x0000000100000000)
  region size 1024K, 10 young (10240K), 9 survivors (9216K)
 Metaspace       used 93638K, committed 94464K, reserved 557056K
  class space    used 13099K, committed 13504K, reserved 425984K
}
Event: 34.784 GC heap after
{Heap after GC invocations=55 (full 0):
 garbage-first heap   total 220160K, used 119029K [0x0000000080000000, 0x0000000100000000)
  region size 1024K, 1 young (1024K), 1 survivors (1024K)
 Metaspace       used 93638K, committed 94464K, reserved 557056K
  class space    used 13099K, committed 13504K, reserved 425984K
}
Event: 35.510 GC heap before
{Heap before GC invocations=55 (full 0):
 garbage-first heap   total 220160K, used 193781K [0x0000000080000000, 0x0000000100000000)
  region size 1024K, 63 young (64512K), 1 survivors (1024K)
 Metaspace       used 93826K, committed 94592K, reserved 557056K
  class space    used 13118K, committed 13504K, reserved 425984K
}
Event: 35.517 GC heap after
{Heap after GC invocations=56 (full 0):
 garbage-first heap   total 220160K, used 122426K [0x0000000080000000, 0x0000000100000000)
  region size 1024K, 5 young (5120K), 5 survivors (5120K)
 Metaspace       used 93826K, committed 94592K, reserved 557056K
  class space    used 13118K, committed 13504K, reserved 425984K
}
Event: 36.879 GC heap before
{Heap before GC invocations=57 (full 0):
 garbage-first heap   total 220160K, used 190010K [0x0000000080000000, 0x0000000100000000)
  region size 1024K, 64 young (65536K), 5 survivors (5120K)
 Metaspace       used 93890K, committed 94656K, reserved 557056K
  class space    used 13122K, committed 13504K, reserved 425984K
}
Event: 36.889 GC heap after
{Heap after GC invocations=58 (full 0):
 garbage-first heap   total 220160K, used 129965K [0x0000000080000000, 0x0000000100000000)
  region size 1024K, 4 young (4096K), 4 survivors (4096K)
 Metaspace       used 93890K, committed 94656K, reserved 557056K
  class space    used 13122K, committed 13504K, reserved 425984K
}
Event: 36.924 GC heap before
{Heap before GC invocations=58 (full 0):
 garbage-first heap   total 220160K, used 135085K [0x0000000080000000, 0x0000000100000000)
  region size 1024K, 10 young (10240K), 4 survivors (4096K)
 Metaspace       used 93890K, committed 94656K, reserved 557056K
  class space    used 13122K, committed 13504K, reserved 425984K
}
Event: 36.931 GC heap after
{Heap after GC invocations=59 (full 0):
 garbage-first heap   total 220160K, used 125734K [0x0000000080000000, 0x0000000100000000)
  region size 1024K, 1 young (1024K), 1 survivors (1024K)
 Metaspace       used 93890K, committed 94656K, reserved 557056K
  class space    used 13122K, committed 13504K, reserved 425984K
}
Event: 443.659 GC heap before
{Heap before GC invocations=59 (full 0):
 garbage-first heap   total 220160K, used 189222K [0x0000000080000000, 0x0000000100000000)
  region size 1024K, 59 young (60416K), 1 survivors (1024K)
 Metaspace       used 96958K, committed 97792K, reserved 557056K
  class space    used 13446K, committed 13824K, reserved 425984K
}
Event: 443.716 GC heap after
{Heap after GC invocations=60 (full 0):
 garbage-first heap   total 480256K, used 128914K [0x0000000080000000, 0x0000000100000000)
  region size 1024K, 4 young (4096K), 4 survivors (4096K)
 Metaspace       used 96958K, committed 97792K, reserved 557056K
  class space    used 13446K, committed 13824K, reserved 425984K
}

